<?xml version="1.0" encoding="UTF-8"?>
<!-- Generated by org.testng.reporters.JUnitXMLReporter -->
<testsuite ignored="0" hostname="LAPTOP-IEDOFH3F" failures="0" tests="7" name="LoginToSalesForce" time="19.793" errors="0" timestamp="2024-02-19T12:29:44 CST">
  <testcase classname="Com.SalesForce.Pages.LoginPage" name="@AfterMethod tearDown" time="0.0">
    <failure type="org.openqa.selenium.NoSuchSessionException" message="Session ID is null. Using WebDriver after calling quit()?
Build info: version: &amp;apos;3.141.59&amp;apos;, revision: &amp;apos;e82be7d358&amp;apos;, time: &amp;apos;2018-11-14T08:17:03&amp;apos;
System info: host: &amp;apos;LAPTOP-IEDOFH3F&amp;apos;, ip: &amp;apos;192.168.1.199&amp;apos;, os.name: &amp;apos;Windows 11&amp;apos;, os.arch: &amp;apos;amd64&amp;apos;, os.version: &amp;apos;10.0&amp;apos;, java.version: &amp;apos;17.0.8&amp;apos;
Driver info: driver.version: RemoteWebDriver">
      <![CDATA[org.openqa.selenium.NoSuchSessionException: Session ID is null. Using WebDriver after calling quit()?
Build info: version: '3.141.59', revision: 'e82be7d358', time: '2018-11-14T08:17:03'
System info: host: 'LAPTOP-IEDOFH3F', ip: '192.168.1.199', os.name: 'Windows 11', os.arch: 'amd64', os.version: '10.0', java.version: '17.0.8'
Driver info: driver.version: RemoteWebDriver
at org.openqa.selenium.remote.HttpCommandExecutor.execute(HttpCommandExecutor.java:125)
at org.openqa.selenium.remote.service.DriverCommandExecutor.execute(DriverCommandExecutor.java:83)
at org.openqa.selenium.remote.RemoteWebDriver.execute(RemoteWebDriver.java:552)
at org.openqa.selenium.remote.RemoteWebDriver.execute(RemoteWebDriver.java:609)
at org.openqa.selenium.remote.RemoteWebDriver.close(RemoteWebDriver.java:442)
at Com.SalesForce.base.BaseSalesforceTest.closeBrowser(BaseSalesforceTest.java:153)
at Com.SalesForce.Pages.LoginPage.tearDown(LoginPage.java:35)
at java.base/java.util.ArrayList.forEach(ArrayList.java:1511)
... Removed 32 stack frames]]>
    </failure>
  </testcase> <!-- @AfterMethod tearDown -->
  <testcase classname="Com.SalesForce.Pages.LoginPage" name="@BeforeMethod setUp" time="0.0">
    <skipped/>
  </testcase> <!-- @BeforeMethod setUp -->
  <testcase classname="Com.SalesForce.Pages.LoginPage" name="@AfterMethod tearDown" time="0.0">
    <skipped/>
  </testcase> <!-- @AfterMethod tearDown -->
  <testcase classname="Com.SalesForce.Pages.LoginPage" name="@BeforeMethod setUp" time="0.0">
    <skipped/>
  </testcase> <!-- @BeforeMethod setUp -->
  <testcase classname="Com.SalesForce.Pages.LoginPage" name="@AfterMethod tearDown" time="0.0">
    <skipped/>
  </testcase> <!-- @AfterMethod tearDown -->
  <testcase classname="Com.SalesForce.Pages.LoginPage" name="@BeforeMethod setUp" time="0.0">
    <skipped/>
  </testcase> <!-- @BeforeMethod setUp -->
  <testcase classname="Com.SalesForce.Pages.LoginPage" name="@AfterMethod tearDown" time="0.0">
    <skipped/>
  </testcase> <!-- @AfterMethod tearDown -->
  <testcase classname="Com.SalesForce.Pages.LoginPage" name="@BeforeMethod setUp" time="0.0">
    <skipped/>
  </testcase> <!-- @BeforeMethod setUp -->
  <testcase classname="Com.SalesForce.Pages.LoginPage" name="@AfterMethod tearDown" time="0.0">
    <skipped/>
  </testcase> <!-- @AfterMethod tearDown -->
  <testcase classname="Com.SalesForce.Pages.LoginPage" name="@BeforeMethod setUp" time="0.0">
    <skipped/>
  </testcase> <!-- @BeforeMethod setUp -->
  <testcase classname="Com.SalesForce.Pages.LoginPage" name="@AfterMethod tearDown" time="0.0">
    <skipped/>
  </testcase> <!-- @AfterMethod tearDown -->
  <testcase classname="Com.SalesForce.Pages.LoginPage" name="@BeforeMethod setUp" time="0.0">
    <skipped/>
  </testcase> <!-- @BeforeMethod setUp -->
  <testcase classname="Com.SalesForce.Pages.LoginPage" name="@AfterMethod tearDown" time="0.0">
    <skipped/>
  </testcase> <!-- @AfterMethod tearDown -->
  <testcase classname="Com.SalesForce.Pages.LoginPage" name="EnterWrongUsernameandPassword" time="16.774"/>
  <testcase classname="Com.SalesForce.Pages.LoginPage" name="ForgotPassword" time="0.0">
    <skipped/>
  </testcase> <!-- ForgotPassword -->
  <testcase classname="Com.SalesForce.Pages.LoginPage" name="LoginTOSFDC" time="0.0">
    <skipped/>
  </testcase> <!-- LoginTOSFDC -->
  <testcase classname="Com.SalesForce.Pages.LoginPage" name="NavigationTOSFDC" time="0.0">
    <skipped/>
  </testcase> <!-- NavigationTOSFDC -->
  <testcase classname="Com.SalesForce.Pages.LoginPage" name="RememberUsername" time="0.001">
    <skipped/>
  </testcase> <!-- RememberUsername -->
  <testcase classname="Com.SalesForce.Pages.LoginPage" name="VerifyLogout" time="0.0">
    <skipped/>
  </testcase> <!-- VerifyLogout -->
  <testcase classname="Com.SalesForce.Pages.LoginPage" name="VerifyStaleElementExceptionHandling" time="0.0">
    <skipped/>
  </testcase> <!-- VerifyStaleElementExceptionHandling -->
</testsuite> <!-- LoginToSalesForce -->
